<?xml version="1.0" encoding="UTF-8"?>
<testsuite name="be.g00glen00b.SpringBootEurekaServiceApplicationTests" time="0.015" tests="1" errors="1" skipped="0" failures="0">
  <properties>
[...]
</properties>
  <testcase name="initializationError" classname="be.g00glen00b.SpringBootEurekaServiceApplicationTests" time="0.015">
    <error message="Unable to find a @SpringBootConfiguration, you need to use @ContextConfiguration or @SpringBootTest(classes=...) with your test" type="java.lang.IllegalStateException"><![CDATA[java.lang.IllegalStateException: Unable to find a @SpringBootConfiguration, you need to use @ContextConfiguration or @SpringBootTest(classes=...) with your test
	at org.springframework.util.Assert.state(Assert.java:392)
	at org.springframework.boot.test.context.SpringBootTestContextBootstrapper.getOrFindConfigurationClasses(SpringBootTestContextBootstrapper.java:156)
	at org.springframework.boot.test.context.SpringBootTestContextBootstrapper.processMergedContextConfiguration(SpringBootTestContextBootstrapper.java:116)
	at org.springframework.test.context.support.AbstractTestContextBootstrapper.buildMergedContextConfiguration(AbstractTestContextBootstrapper.java:409)
	at org.springframework.test.context.support.AbstractTestContextBootstrapper.buildDefaultMergedContextConfiguration(AbstractTestContextBootstrapper.java:323)
	at org.springframework.test.context.support.AbstractTestContextBootstrapper.buildMergedContextConfiguration(AbstractTestContextBootstrapper.java:277)
	at org.springframework.test.context.support.AbstractTestContextBootstrapper.buildTestContext(AbstractTestContextBootstrapper.java:112)
	at org.springframework.boot.test.context.SpringBootTestContextBootstrapper.buildTestContext(SpringBootTestContextBootstrapper.java:74)
	at org.springframework.test.context.TestContextManager.<init>(TestContextManager.java:120)
	at org.springframework.test.context.TestContextManager.<init>(TestContextManager.java:105)
	at org.springframework.test.context.junit4.SpringJUnit4ClassRunner.createTestContextManager(SpringJUnit4ClassRunner.java:152)
	at org.springframework.test.context.junit4.SpringJUnit4ClassRunner.<init>(SpringJUnit4ClassRunner.java:143)
	at org.springframework.test.context.junit4.SpringRunner.<init>(SpringRunner.java:49)
	at sun.reflect.NativeConstructorAccessorImpl.newInstance0(Native Method)
	at sun.reflect.NativeConstructorAccessorImpl.newInstance(NativeConstructorAccessorImpl.java:62)
	at sun.reflect.DelegatingConstructorAccessorImpl.newInstance(DelegatingConstructorAccessorImpl.java:45)
	at java.lang.reflect.Constructor.newInstance(Constructor.java:423)
	at org.junit.internal.builders.AnnotatedBuilder.buildRunner(AnnotatedBuilder.java:104)
	at org.junit.internal.builders.AnnotatedBuilder.runnerForClass(AnnotatedBuilder.java:86)
	at org.junit.runners.model.RunnerBuilder.safeRunnerForClass(RunnerBuilder.java:59)
	at org.junit.internal.builders.AllDefaultPossibilitiesBuilder.runnerForClass(AllDefaultPossibilitiesBuilder.java:26)
	at org.junit.runners.model.RunnerBuilder.safeRunnerForClass(RunnerBuilder.java:59)
	at org.junit.internal.requests.ClassRequest.getRunner(ClassRequest.java:33)
	at org.apache.maven.surefire.junit4.JUnit4Provider.execute(JUnit4Provider.java:283)
	at org.apache.maven.surefire.junit4.JUnit4Provider.executeWithRerun(JUnit4Provider.java:173)
	at org.apache.maven.surefire.junit4.JUnit4Provider.executeTestSet(JUnit4Provider.java:153)
	at org.apache.maven.surefire.junit4.JUnit4Provider.invoke(JUnit4Provider.java:128)
	at org.apache.maven.surefire.booter.ForkedBooter.invokeProviderInSameClassLoader(ForkedBooter.java:203)
	at org.apache.maven.surefire.booter.ForkedBooter.runSuitesInProcess(ForkedBooter.java:155)
	at org.apache.maven.surefire.booter.ForkedBooter.main(ForkedBooter.java:103)
]]></error>
    <system-out><![CDATA[11:40:26.172 [main] DEBUG org.springframework.test.context.junit4.SpringJUnit4ClassRunner - SpringJUnit4ClassRunner constructor called with [class be.g00glen00b.SpringBootEurekaServiceApplicationTests]
11:40:26.188 [main] DEBUG org.springframework.test.context.BootstrapUtils - Instantiating CacheAwareContextLoaderDelegate from class [org.springframework.test.context.cache.DefaultCacheAwareContextLoaderDelegate]
11:40:26.203 [main] DEBUG org.springframework.test.context.BootstrapUtils - Instantiating BootstrapContext using constructor [public org.springframework.test.context.support.DefaultBootstrapContext(java.lang.Class,org.springframework.test.context.CacheAwareContextLoaderDelegate)]
11:40:26.234 [main] DEBUG org.springframework.test.context.BootstrapUtils - Instantiating TestContextBootstrapper for test class [be.g00glen00b.SpringBootEurekaServiceApplicationTests] from class [org.springframework.boot.test.context.SpringBootTestContextBootstrapper]
11:40:26.266 [main] INFO org.springframework.boot.test.context.SpringBootTestContextBootstrapper - Neither @ContextConfiguration nor @ContextHierarchy found for test class [be.g00glen00b.SpringBootEurekaServiceApplicationTests], using SpringBootContextLoader
11:40:26.285 [main] DEBUG org.springframework.test.context.support.AbstractContextLoader - Did not detect default resource location for test class [be.g00glen00b.SpringBootEurekaServiceApplicationTests]: class path resource [be/g00glen00b/SpringBootEurekaServiceApplicationTests-context.xml] does not exist
11:40:26.285 [main] DEBUG org.springframework.test.context.support.AbstractContextLoader - Did not detect default resource location for test class [be.g00glen00b.SpringBootEurekaServiceApplicationTests]: class path resource [be/g00glen00b/SpringBootEurekaServiceApplicationTestsContext.groovy] does not exist
11:40:26.286 [main] INFO org.springframework.test.context.support.AbstractContextLoader - Could not detect default resource locations for test class [be.g00glen00b.SpringBootEurekaServiceApplicationTests]: no resource found for suffixes {-context.xml, Context.groovy}.
11:40:26.287 [main] INFO org.springframework.test.context.support.AnnotationConfigContextLoaderUtils - Could not detect default configuration classes for test class [be.g00glen00b.SpringBootEurekaServiceApplicationTests]: SpringBootEurekaServiceApplicationTests does not declare any static, non-private, non-final, nested classes annotated with @Configuration.
11:40:26.342 [main] DEBUG org.springframework.test.context.support.ActiveProfilesUtils - Could not find an 'annotation declaring class' for annotation type [org.springframework.test.context.ActiveProfiles] and class [be.g00glen00b.SpringBootEurekaServiceApplicationTests]
11:40:26.420 [main] DEBUG org.springframework.core.env.StandardEnvironment - Adding [systemProperties] PropertySource with lowest search precedence
11:40:26.420 [main] DEBUG org.springframework.core.env.StandardEnvironment - Adding [systemEnvironment] PropertySource with lowest search precedence
11:40:26.420 [main] DEBUG org.springframework.core.env.StandardEnvironment - Initialized StandardEnvironment with PropertySources [systemProperties,systemEnvironment]
11:40:26.451 [main] DEBUG org.springframework.core.io.support.PathMatchingResourcePatternResolver - Resolved classpath location [be/g00glen00b/] to resources [URL [file:/C:/Demos/spring-boot-eureka/spring-boot-eureka-service/target/test-classes/be/g00glen00b/]]
11:40:26.451 [main] DEBUG org.springframework.core.io.support.PathMatchingResourcePatternResolver - Looking for matching resources in directory tree [C:\Demos\spring-boot-eureka\spring-boot-eureka-service\target\test-classes\be\g00glen00b]
11:40:26.451 [main] DEBUG org.springframework.core.io.support.PathMatchingResourcePatternResolver - Searching directory [C:\Demos\spring-boot-eureka\spring-boot-eureka-service\target\test-classes\be\g00glen00b] for files matching pattern [C:/Demos/spring-boot-eureka/spring-boot-eureka-service/target/test-classes/be/g00glen00b/*.class]
11:40:26.482 [main] DEBUG org.springframework.core.io.support.PathMatchingResourcePatternResolver - Resolved location pattern [classpath*:be/g00glen00b/*.class] to resources [file [C:\Demos\spring-boot-eureka\spring-boot-eureka-service\target\test-classes\be\g00glen00b\SpringBootEurekaServiceApplicationTests.class]]
11:40:26.498 [main] DEBUG org.springframework.core.io.support.PathMatchingResourcePatternResolver - Resolved classpath location [be/] to resources [URL [file:/C:/Demos/spring-boot-eureka/spring-boot-eureka-service/target/test-classes/be/]]
11:40:26.498 [main] DEBUG org.springframework.core.io.support.PathMatchingResourcePatternResolver - Looking for matching resources in directory tree [C:\Demos\spring-boot-eureka\spring-boot-eureka-service\target\test-classes\be]
11:40:26.514 [main] DEBUG org.springframework.core.io.support.PathMatchingResourcePatternResolver - Searching directory [C:\Demos\spring-boot-eureka\spring-boot-eureka-service\target\test-classes\be] for files matching pattern [C:/Demos/spring-boot-eureka/spring-boot-eureka-service/target/test-classes/be/*.class]
11:40:26.514 [main] DEBUG org.springframework.core.io.support.PathMatchingResourcePatternResolver - Resolved location pattern [classpath*:be/*.class] to resources []
11:40:26.514 [main] DEBUG org.springframework.test.context.junit4.SpringJUnit4ClassRunner - SpringJUnit4ClassRunner constructor called with [class be.g00glen00b.SpringBootEurekaServiceApplicationTests]
11:40:26.514 [main] DEBUG org.springframework.test.context.BootstrapUtils - Instantiating CacheAwareContextLoaderDelegate from class [org.springframework.test.context.cache.DefaultCacheAwareContextLoaderDelegate]
11:40:26.514 [main] DEBUG org.springframework.test.context.BootstrapUtils - Instantiating BootstrapContext using constructor [public org.springframework.test.context.support.DefaultBootstrapContext(java.lang.Class,org.springframework.test.context.CacheAwareContextLoaderDelegate)]
11:40:26.514 [main] DEBUG org.springframework.test.context.BootstrapUtils - Instantiating TestContextBootstrapper for test class [be.g00glen00b.SpringBootEurekaServiceApplicationTests] from class [org.springframework.boot.test.context.SpringBootTestContextBootstrapper]
11:40:26.514 [main] INFO org.springframework.boot.test.context.SpringBootTestContextBootstrapper - Neither @ContextConfiguration nor @ContextHierarchy found for test class [be.g00glen00b.SpringBootEurekaServiceApplicationTests], using SpringBootContextLoader
11:40:26.514 [main] DEBUG org.springframework.test.context.support.AbstractContextLoader - Did not detect default resource location for test class [be.g00glen00b.SpringBootEurekaServiceApplicationTests]: class path resource [be/g00glen00b/SpringBootEurekaServiceApplicationTests-context.xml] does not exist
11:40:26.514 [main] DEBUG org.springframework.test.context.support.AbstractContextLoader - Did not detect default resource location for test class [be.g00glen00b.SpringBootEurekaServiceApplicationTests]: class path resource [be/g00glen00b/SpringBootEurekaServiceApplicationTestsContext.groovy] does not exist
11:40:26.514 [main] INFO org.springframework.test.context.support.AbstractContextLoader - Could not detect default resource locations for test class [be.g00glen00b.SpringBootEurekaServiceApplicationTests]: no resource found for suffixes {-context.xml, Context.groovy}.
11:40:26.514 [main] INFO org.springframework.test.context.support.AnnotationConfigContextLoaderUtils - Could not detect default configuration classes for test class [be.g00glen00b.SpringBootEurekaServiceApplicationTests]: SpringBootEurekaServiceApplicationTests does not declare any static, non-private, non-final, nested classes annotated with @Configuration.
11:40:26.529 [main] DEBUG org.springframework.test.context.support.ActiveProfilesUtils - Could not find an 'annotation declaring class' for annotation type [org.springframework.test.context.ActiveProfiles] and class [be.g00glen00b.SpringBootEurekaServiceApplicationTests]
11:40:26.529 [main] DEBUG org.springframework.core.env.StandardEnvironment - Adding [systemProperties] PropertySource with lowest search precedence
11:40:26.529 [main] DEBUG org.springframework.core.env.StandardEnvironment - Adding [systemEnvironment] PropertySource with lowest search precedence
11:40:26.529 [main] DEBUG org.springframework.core.env.StandardEnvironment - Initialized StandardEnvironment with PropertySources [systemProperties,systemEnvironment]
11:40:26.529 [main] DEBUG org.springframework.core.io.support.PathMatchingResourcePatternResolver - Resolved classpath location [be/g00glen00b/] to resources [URL [file:/C:/Demos/spring-boot-eureka/spring-boot-eureka-service/target/test-classes/be/g00glen00b/]]
11:40:26.529 [main] DEBUG org.springframework.core.io.support.PathMatchingResourcePatternResolver - Looking for matching resources in directory tree [C:\Demos\spring-boot-eureka\spring-boot-eureka-service\target\test-classes\be\g00glen00b]
11:40:26.529 [main] DEBUG org.springframework.core.io.support.PathMatchingResourcePatternResolver - Searching directory [C:\Demos\spring-boot-eureka\spring-boot-eureka-service\target\test-classes\be\g00glen00b] for files matching pattern [C:/Demos/spring-boot-eureka/spring-boot-eureka-service/target/test-classes/be/g00glen00b/*.class]
11:40:26.529 [main] DEBUG org.springframework.core.io.support.PathMatchingResourcePatternResolver - Resolved location pattern [classpath*:be/g00glen00b/*.class] to resources [file [C:\Demos\spring-boot-eureka\spring-boot-eureka-service\target\test-classes\be\g00glen00b\SpringBootEurekaServiceApplicationTests.class]]
11:40:26.529 [main] DEBUG org.springframework.core.io.support.PathMatchingResourcePatternResolver - Resolved classpath location [be/] to resources [URL [file:/C:/Demos/spring-boot-eureka/spring-boot-eureka-service/target/test-classes/be/]]
11:40:26.529 [main] DEBUG org.springframework.core.io.support.PathMatchingResourcePatternResolver - Looking for matching resources in directory tree [C:\Demos\spring-boot-eureka\spring-boot-eureka-service\target\test-classes\be]
11:40:26.529 [main] DEBUG org.springframework.core.io.support.PathMatchingResourcePatternResolver - Searching directory [C:\Demos\spring-boot-eureka\spring-boot-eureka-service\target\test-classes\be] for files matching pattern [C:/Demos/spring-boot-eureka/spring-boot-eureka-service/target/test-classes/be/*.class]
11:40:26.529 [main] DEBUG org.springframework.core.io.support.PathMatchingResourcePatternResolver - Resolved location pattern [classpath*:be/*.class] to resources []
]]></system-out>
  </testcase>
</testsuite>